<?xml version="1.0" encoding="UTF-8" ?>
<testsuite tests="7" failures="0" name="runner.TestRunner" time="0.096" errors="0" skipped="6">
  <properties>
[...]
</properties>
  <testcase classname="Scenario: PWC webstie click on carousel" name="Given I navigate to the PwC Digital Pulse website" time="0.012">
    <skipped/>
  </testcase>
  <testcase classname="Scenario: PWC webstie click on carousel" name="When I am viewing the &apos;Home&apos; page" time="0.012">
    <skipped/>
  </testcase>
  <testcase classname="Scenario: PWC webstie click on carousel" name="Then I am presented with a carousel displaying 3 featured articles" time="0.013">
    <skipped/>
  </testcase>
  <testcase classname="Scenario: PWC webstie click on carousel" name="And Clicking the &apos;Next&apos; button on the carousel will load the next 3 featured articles" time="0.014">
    <skipped/>
  </testcase>
  <testcase classname="Scenario: PWC webstie click on carousel" name="And Clicking the &apos;Previous&apos; button on the carousel will load the previous 3 featured articles" time="0.014">
    <skipped/>
  </testcase>
  <testcase classname="Scenario: PWC webstie click on carousel" name="Scenario: PWC webstie click on carousel" time="0.015">
    <skipped/>
  </testcase>
  <testcase classname="Scenario: PWC webstie click on carousel" name="Scenario: PWC webstie click on carousel" time="0.016"/>
</testsuite>